<?xml version="1.0" encoding="UTF-8"?>
<testng-results skipped="0" failed="0" ignored="0" total="0" passed="0">
  <reporter-output>
  </reporter-output>
  <suite name="com.amazonProject.AmazonProject.AppTest" duration-ms="7" started-at="2018-06-25T22:33:40Z" finished-at="2018-06-25T22:33:40Z">
    <groups>
    </groups>
    <test name="Command line test" duration-ms="7" started-at="2018-06-25T22:33:40Z" finished-at="2018-06-25T22:33:40Z">
    </test> <!-- Command line test -->
  </suite> <!-- com.amazonProject.AmazonProject.AppTest -->
</testng-results>
